<?xml version="1.0" encoding="UTF-8"?>
<testng-results skipped="0" failed="0" ignored="0" total="1" passed="1">
  <reporter-output>
  </reporter-output>
  <suite name="Page Object Model" duration-ms="3654" started-at="2019-04-23T17:30:38Z" finished-at="2019-04-23T17:30:42Z">
    <groups>
    </groups>
    <test name="Login Test" duration-ms="3654" started-at="2019-04-23T17:30:38Z" finished-at="2019-04-23T17:30:42Z">
      <class name="com.w2a.testcases.LoginTest">
        <test-method status="PASS" signature="loginTest()[pri:0, instance:com.w2a.testcases.LoginTest@73173f63]" name="loginTest" duration-ms="3042" started-at="2019-04-23T23:00:38Z" finished-at="2019-04-23T23:00:41Z">
          <reporter-output>
          </reporter-output>
        </test-method> <!-- loginTest -->
        <test-method status="PASS" signature="tearDown()[pri:0, instance:com.w2a.testcases.LoginTest@73173f63]" name="tearDown" is-config="true" duration-ms="1151" started-at="2019-04-23T23:00:42Z" finished-at="2019-04-23T23:00:43Z">
          <reporter-output>
          </reporter-output>
        </test-method> <!-- tearDown -->
      </class> <!-- com.w2a.testcases.LoginTest -->
    </test> <!-- Login Test -->
  </suite> <!-- Page Object Model -->
</testng-results>
